<?xml version="1.0" encoding="UTF-8"?>
<testsuite xmlns:xsi="http://www.w3.org/2001/XMLSchema-instance" xsi:noNamespaceSchemaLocation="https://maven.apache.org/surefire/maven-surefire-plugin/xsd/surefire-test-report-3.0.xsd" version="3.0" name="com.cloudcomputing.assignment1.IntegrationTests.HealthCheckControllerIntegrationTest" time="0.607" tests="1" errors="0" skipped="0" failures="0">
  <properties>
[...]
</properties>
  <testcase name="testCheckDatabaseHealth" classname="com.cloudcomputing.assignment1.IntegrationTests.HealthCheckControllerIntegrationTest" time="0.059">
    <system-out><![CDATA[2023-10-26T18:56:20.931-04:00  INFO 40132 --- [           main] t.c.s.AnnotationConfigContextLoaderUtils : Could not detect default configuration classes for test class [com.cloudcomputing.assignment1.IntegrationTests.HealthCheckControllerIntegrationTest]: HealthCheckControllerIntegrationTest does not declare any static, non-private, non-final, nested classes annotated with @Configuration.
2023-10-26T18:56:20.937-04:00  INFO 40132 --- [           main] .b.t.c.SpringBootTestContextBootstrapper : Found @SpringBootConfiguration com.cloudcomputing.assignment1.Assignment1Application for test class com.cloudcomputing.assignment1.IntegrationTests.HealthCheckControllerIntegrationTest

  .   ____          _            __ _ _
 /\\ / ___'_ __ _ _(_)_ __  __ _ \ \ \ \
( ( )\___ | '_ | '_| | '_ \/ _` | \ \ \ \
 \\/  ___)| |_)| | | | | || (_| |  ) ) ) )
  '  |____| .__|_| |_|_| |_\__, | / / / /
 =========|_|==============|___/=/_/_/_/
 :: Spring Boot ::                (v3.1.4)

2023-10-26T18:56:20.953-04:00  INFO 40132 --- [           main] a.I.HealthCheckControllerIntegrationTest : Starting HealthCheckControllerIntegrationTest using Java 21 with PID 40132 (started by prakruthisomashekar in /Users/prakruthisomashekar/Documents/Cloud Assignment/prakruthi-webapp-main)
2023-10-26T18:56:20.953-04:00  INFO 40132 --- [           main] a.I.HealthCheckControllerIntegrationTest : No active profile set, falling back to 1 default profile: "default"
2023-10-26T18:56:21.058-04:00  INFO 40132 --- [           main] .s.d.r.c.RepositoryConfigurationDelegate : Bootstrapping Spring Data JPA repositories in DEFAULT mode.
2023-10-26T18:56:21.063-04:00  INFO 40132 --- [           main] .s.d.r.c.RepositoryConfigurationDelegate : Finished Spring Data repository scanning in 4 ms. Found 2 JPA repository interfaces.
2023-10-26T18:56:21.107-04:00  INFO 40132 --- [           main] o.hibernate.jpa.internal.util.LogHelper  : HHH000204: Processing PersistenceUnitInfo [name: default]
2023-10-26T18:56:21.109-04:00  INFO 40132 --- [           main] o.h.b.i.BytecodeProviderInitiator        : HHH000021: Bytecode provider name : bytebuddy
2023-10-26T18:56:21.109-04:00  INFO 40132 --- [           main] o.s.o.j.p.SpringPersistenceUnitInfo      : No LoadTimeWeaver setup: ignoring JPA class transformer
2023-10-26T18:56:21.109-04:00  INFO 40132 --- [           main] com.zaxxer.hikari.HikariDataSource       : HikariPool-2 - Starting...
2023-10-26T18:56:21.125-04:00  INFO 40132 --- [           main] com.zaxxer.hikari.pool.HikariPool        : HikariPool-2 - Added connection com.mysql.cj.jdbc.ConnectionImpl@4df9df06
2023-10-26T18:56:21.126-04:00  INFO 40132 --- [           main] com.zaxxer.hikari.HikariDataSource       : HikariPool-2 - Start completed.
2023-10-26T18:56:21.132-04:00  INFO 40132 --- [           main] o.h.b.i.BytecodeProviderInitiator        : HHH000021: Bytecode provider name : bytebuddy
2023-10-26T18:56:21.154-04:00  INFO 40132 --- [           main] o.h.e.t.j.p.i.JtaPlatformInitiator       : HHH000490: Using JtaPlatform implementation: [org.hibernate.engine.transaction.jta.platform.internal.NoJtaPlatform]
2023-10-26T18:56:21.163-04:00  INFO 40132 --- [           main] j.LocalContainerEntityManagerFactoryBean : Initialized JPA EntityManagerFactory for persistence unit 'default'
2023-10-26T18:56:21.225-04:00  WARN 40132 --- [           main] JpaBaseConfiguration$JpaWebConfiguration : spring.jpa.open-in-view is enabled by default. Therefore, database queries may be performed during view rendering. Explicitly configure spring.jpa.open-in-view to disable this warning
2023-10-26T18:56:21.303-04:00  INFO 40132 --- [           main] o.s.b.t.m.w.SpringBootMockServletContext : Initializing Spring TestDispatcherServlet ''
2023-10-26T18:56:21.303-04:00  INFO 40132 --- [           main] o.s.t.web.servlet.TestDispatcherServlet  : Initializing Servlet ''
2023-10-26T18:56:21.305-04:00  INFO 40132 --- [           main] o.s.b.a.e.web.EndpointLinksResolver      : Exposing 1 endpoint(s) beneath base path '/actuator'
2023-10-26T18:56:21.307-04:00  INFO 40132 --- [           main] o.s.t.web.servlet.TestDispatcherServlet  : Completed initialization in 4 ms
Order 1
Header (if any): first_name,last_name,email,password
Raw CSV Line: john,doe,john.doe@example.com,abc123
Parsed - firstName: john
Parsed - lastName: doe
Parsed - email: john.doe@example.com
Raw Password: abc123
Hashed Password: $2a$10$U1olm1scSU5Re8sFcoYa6.aE5vDk5SOZvzyTyXt18SFGAisfj.Iaa
User Object Created: User(id=null, firstName=john, lastName=doe, email=john.doe@example.com, password=$2a$10$U1olm1scSU5Re8sFcoYa6.aE5vDk5SOZvzyTyXt18SFGAisfj.Iaa, accountCreated=null, accountUpdated=null)
Raw CSV Line: jane,doe,jane.doe@example.com,xyz456
Parsed - firstName: jane
Parsed - lastName: doe
Parsed - email: jane.doe@example.com
Raw Password: xyz456
Hashed Password: $2a$10$t5tKzd2DKfhUnuYwgu62PuPIHopD3F/0sDaBgNCigH/1BzzXJuXtm
User Object Created: User(id=null, firstName=jane, lastName=doe, email=jane.doe@example.com, password=$2a$10$t5tKzd2DKfhUnuYwgu62PuPIHopD3F/0sDaBgNCigH/1BzzXJuXtm, accountCreated=null, accountUpdated=null)
All Users Parsed: [User(id=null, firstName=john, lastName=doe, email=john.doe@example.com, password=$2a$10$U1olm1scSU5Re8sFcoYa6.aE5vDk5SOZvzyTyXt18SFGAisfj.Iaa, accountCreated=null, accountUpdated=null), User(id=null, firstName=jane, lastName=doe, email=jane.doe@example.com, password=$2a$10$t5tKzd2DKfhUnuYwgu62PuPIHopD3F/0sDaBgNCigH/1BzzXJuXtm, accountCreated=null, accountUpdated=null)]
Hibernate: select u1_0.id,u1_0.account_created,u1_0.account_updated,u1_0.email,u1_0.first_name,u1_0.last_name,u1_0.password from users u1_0 where u1_0.email=?
Hibernate: select u1_0.id,u1_0.account_created,u1_0.account_updated,u1_0.email,u1_0.first_name,u1_0.last_name,u1_0.password from users u1_0 where u1_0.email=?
2023-10-26T18:56:21.475-04:00  INFO 40132 --- [           main] a.I.HealthCheckControllerIntegrationTest : Started HealthCheckControllerIntegrationTest in 0.535 seconds (process running for 4.164)
Hibernate: SELECT 1
]]></system-out>
  </testcase>
</testsuite>